<?xml version="1.0" encoding="UTF-8"?>
<!-- Generated by org.testng.reporters.JUnitReportReporter -->
<testsuite skipped="0" hostname="LAPTOP-34TFF43U" name="firsttestngpackage.FirstTestNGFile" tests="1" failures="0" timestamp="27 Apr 2018 17:38:44 GMT" time="0.023" errors="0">
  <testcase name="verifyTitle" time="0.023" classname="firsttestngpackage.FirstTestNGFile"/>
</testsuite> <!-- firsttestngpackage.FirstTestNGFile -->
